<?xml version="1.0" encoding="UTF-8"?>
<!-- Generated by org.testng.reporters.JUnitXMLReporter -->
<testsuite ignored="1" hostname="LAPTOP-RFAMV0B3" failures="0" tests="2" name="Test" time="32.183" errors="0" timestamp="2021-12-17T12:39:13 IST">
  <testcase classname="testcases.LoginPageTestCase" name="HRM_LoginPage_VerifyWithValidCredentials" time="0.053"/>
  <testcase classname="testcases.SystemUserTestCases" name="verifySystemUserPage" time="2.918"/>
  <testcase classname="testcases.LoginPageTestCase" name="HRM_LoginPage_VerifyWithInvalidCredentials" time="0.0">
    <ignored/>
  </testcase> <!-- HRM_LoginPage_VerifyWithInvalidCredentials -->
</testsuite> <!-- Test -->
