<?xml version="1.0" encoding="UTF-8"?>
<testsuite xmlns:xsi="http://www.w3.org/2001/XMLSchema-instance" xsi:noNamespaceSchemaLocation="https://maven.apache.org/surefire/maven-surefire-plugin/xsd/surefire-test-report-3.0.xsd" version="3.0" name="TestSuite" time="31.137" tests="2" errors="0" skipped="0" failures="0">
  <properties>
[...]
</properties>
  <testcase name="HRM_LoginPage_VerifyWithValidCredentials" classname="testcases.LoginPageTestCase" time="0.001">
    <system-out><![CDATA[This is the method of onStart listners
chrome
https://opensource-demo.orangehrmlive.com/
****************Setting up the browser**************
***********Maximizing the browser************
**************Navigating to the webpage***********
This is the method of onTestStart listners
This is the method of onTestSuccess listners
]]></system-out>
    <system-err><![CDATA[Starting ChromeDriver 95.0.4638.69 (6a1600ed572fedecd573b6c2b90a22fe6392a410-refs/branch-heads/4638@{#984}) on port 41376
Only local connections are allowed.
Please see https://chromedriver.chromium.org/security-considerations for suggestions on keeping ChromeDriver safe.
ChromeDriver was started successfully.
[1639726583.459][WARNING]: This version of ChromeDriver has not been tested with Chrome version 96.
Dec 17, 2021 1:06:23 PM org.openqa.selenium.remote.ProtocolHandshake createSession
INFO: Detected dialect: W3C
]]></system-err>
  </testcase>
  <testcase name="verifySystemUserPage" classname="testcases.SystemUserTestCases" time="2.944">
    <system-out><![CDATA[*******************Closing the browser******************
chrome
https://opensource-demo.orangehrmlive.com/
****************Setting up the browser**************
***********Maximizing the browser************
**************Navigating to the webpage***********
This is the method of onTestStart listners
This is the method of onTestSuccess listners
]]></system-out>
    <system-err><![CDATA[Starting ChromeDriver 95.0.4638.69 (6a1600ed572fedecd573b6c2b90a22fe6392a410-refs/branch-heads/4638@{#984}) on port 26868
Only local connections are allowed.
Please see https://chromedriver.chromium.org/security-considerations for suggestions on keeping ChromeDriver safe.
ChromeDriver was started successfully.
[1639726596.744][WARNING]: This version of ChromeDriver has not been tested with Chrome version 96.
Dec 17, 2021 1:06:36 PM org.openqa.selenium.remote.ProtocolHandshake createSession
INFO: Detected dialect: W3C
]]></system-err>
  </testcase>
</testsuite>