<?xml version="1.0" encoding="UTF-8"?>
<testng-results ignored="1" total="3" passed="2" failed="0" skipped="0">
  <reporter-output>
  </reporter-output>
  <suite started-at="2021-12-17T12:38:41 IST" name="Suite" finished-at="2021-12-17T12:39:13 IST" duration-ms="32183">
    <groups>
      <group name="Smoke">
        <method signature="LoginPageTestCase.HRM_LoginPage_VerifyWithValidCredentials()[pri:0, instance:testcases.LoginPageTestCase@702b8b12]" name="HRM_LoginPage_VerifyWithValidCredentials" class="testcases.LoginPageTestCase"/>
        <method signature="SystemUserTestCases.verifySystemUserPage()[pri:0, instance:testcases.SystemUserTestCases@2a54a73f]" name="verifySystemUserPage" class="testcases.SystemUserTestCases"/>
      </group> <!-- Smoke -->
    </groups>
    <test started-at="2021-12-17T12:38:41 IST" name="Test" finished-at="2021-12-17T12:39:13 IST" duration-ms="32183">
      <class name="testcases.LoginPageTestCase">
        <test-method is-config="true" signature="login(java.lang.String,java.lang.String)[pri:0, instance:testcases.LoginPageTestCase@702b8b12]" started-at="2021-12-17T12:38:41 IST" name="login" finished-at="2021-12-17T12:38:55 IST" duration-ms="14109" status="PASS">
          <params>
            <param index="0">
              <value>
                <![CDATA[chrome]]>
              </value>
            </param>
            <param index="1">
              <value>
                <![CDATA[https://opensource-demo.orangehrmlive.com/]]>
              </value>
            </param>
          </params>
          <reporter-output>
          </reporter-output>
        </test-method> <!-- login -->
        <test-method signature="HRM_LoginPage_VerifyWithValidCredentials()[pri:0, instance:testcases.LoginPageTestCase@702b8b12]" started-at="2021-12-17T12:38:55 IST" name="HRM_LoginPage_VerifyWithValidCredentials" finished-at="2021-12-17T12:38:55 IST" duration-ms="53" status="PASS">
          <reporter-output>
          </reporter-output>
        </test-method> <!-- HRM_LoginPage_VerifyWithValidCredentials -->
        <test-method is-config="true" signature="closeBrowser()[pri:0, instance:testcases.LoginPageTestCase@702b8b12]" started-at="2021-12-17T12:38:55 IST" name="closeBrowser" finished-at="2021-12-17T12:38:56 IST" duration-ms="1423" status="PASS">
          <reporter-output>
          </reporter-output>
        </test-method> <!-- closeBrowser -->
      </class> <!-- testcases.LoginPageTestCase -->
      <class name="testcases.SystemUserTestCases">
        <test-method is-config="true" signature="login(java.lang.String,java.lang.String)[pri:0, instance:testcases.SystemUserTestCases@2a54a73f]" started-at="2021-12-17T12:38:56 IST" name="login" finished-at="2021-12-17T12:39:08 IST" duration-ms="12173" status="PASS">
          <params>
            <param index="0">
              <value>
                <![CDATA[chrome]]>
              </value>
            </param>
            <param index="1">
              <value>
                <![CDATA[https://opensource-demo.orangehrmlive.com/]]>
              </value>
            </param>
          </params>
          <reporter-output>
          </reporter-output>
        </test-method> <!-- login -->
        <test-method signature="verifySystemUserPage()[pri:0, instance:testcases.SystemUserTestCases@2a54a73f]" started-at="2021-12-17T12:39:08 IST" name="verifySystemUserPage" finished-at="2021-12-17T12:39:11 IST" duration-ms="2918" status="PASS">
          <reporter-output>
          </reporter-output>
        </test-method> <!-- verifySystemUserPage -->
        <test-method is-config="true" signature="closeBrowser()[pri:0, instance:testcases.SystemUserTestCases@2a54a73f]" started-at="2021-12-17T12:39:11 IST" name="closeBrowser" finished-at="2021-12-17T12:39:13 IST" duration-ms="1445" status="PASS">
          <reporter-output>
          </reporter-output>
        </test-method> <!-- closeBrowser -->
      </class> <!-- testcases.SystemUserTestCases -->
    </test> <!-- Test -->
  </suite> <!-- Suite -->
</testng-results>
